2014-04-27 18:18:24,230 [Worker-113] INFO  o.e.m.c.i.l.LifecycleMappingFactory - Using org.eclipse.m2e.jdt.JarLifecycleMapping lifecycle mapping for MavenProject: com.example.android.google.server:GCMTestServer:0.0.1-SNAPSHOT @ /Users/toantran/Documents/Java_development/workspace/MeeterApp_workspace/GCMTestServer/pom.xml.
2014-04-27 18:18:26,437 [Worker-113] INFO  o.e.m.j.i.AbstractJavaProjectConfigurator - Adding source folder /GCMTestServer/src/main/java
2014-04-27 18:18:26,439 [Worker-103] INFO  o.e.m.c.i.l.LifecycleMappingFactory - Using org.eclipse.m2e.jdt.JarLifecycleMapping lifecycle mapping for MavenProject: com.example.android.google.server:GCMTestServer:0.0.1-SNAPSHOT @ /Users/toantran/Documents/Java_development/workspace/MeeterApp_workspace/GCMTestServer/pom.xml.
2014-04-27 18:18:26,455 [Worker-113] INFO  o.e.m.j.i.AbstractJavaProjectConfigurator - Adding resource folder /GCMTestServer/src/main/resources
2014-04-27 18:18:26,455 [Worker-113] INFO  o.e.m.j.i.AbstractJavaProjectConfigurator - Adding source folder /GCMTestServer/src/test/java
2014-04-27 18:18:26,456 [Worker-113] INFO  o.e.m.j.i.AbstractJavaProjectConfigurator - Adding resource folder /GCMTestServer/src/test/resources
2014-04-27 18:18:27,830 [Worker-109] INFO  o.e.m.c.i.l.LifecycleMappingFactory - Using org.eclipse.m2e.jdt.JarLifecycleMapping lifecycle mapping for MavenProject: com.example.android.google.server:GCMTestServer:0.0.1-SNAPSHOT @ /Users/toantran/Documents/Java_development/workspace/MeeterApp_workspace/GCMTestServer/pom.xml.
2014-04-27 18:18:28,024 [Worker-109] WARN  o.e.m.c.i.embedder.EclipseLogger - Using platform encoding (US-ASCII actually) to copy filtered resources, i.e. build is platform dependent!
2014-04-27 18:18:28,046 [Worker-109] INFO  o.e.m.c.i.embedder.EclipseLogger - Copying 0 resource
2014-04-27 18:18:28,048 [Worker-109] WARN  o.e.m.c.i.embedder.EclipseLogger - Using platform encoding (US-ASCII actually) to copy filtered resources, i.e. build is platform dependent!
2014-04-27 18:18:28,049 [Worker-109] INFO  o.e.m.c.i.embedder.EclipseLogger - Copying 0 resource
2014-04-27 18:19:18,188 [Worker-118] WARN  o.e.m.c.i.embedder.EclipseLogger - Using platform encoding (US-ASCII actually) to copy filtered resources, i.e. build is platform dependent!
2014-04-27 18:19:18,211 [Worker-118] INFO  o.e.m.c.i.embedder.EclipseLogger - Copying 0 resource
2014-04-27 18:19:18,213 [Worker-118] WARN  o.e.m.c.i.embedder.EclipseLogger - Using platform encoding (US-ASCII actually) to copy filtered resources, i.e. build is platform dependent!
2014-04-27 18:19:18,230 [Worker-118] INFO  o.e.m.c.i.embedder.EclipseLogger - Copying 0 resource
2014-04-27 18:19:41,847 [Worker-109] WARN  o.e.m.c.i.embedder.EclipseLogger - Using platform encoding (US-ASCII actually) to copy filtered resources, i.e. build is platform dependent!
2014-04-27 18:19:41,847 [Worker-109] INFO  o.e.m.c.i.embedder.EclipseLogger - Copying 0 resource
2014-04-27 18:19:41,849 [Worker-109] WARN  o.e.m.c.i.embedder.EclipseLogger - Using platform encoding (US-ASCII actually) to copy filtered resources, i.e. build is platform dependent!
2014-04-27 18:19:41,850 [Worker-109] INFO  o.e.m.c.i.embedder.EclipseLogger - Copying 0 resource
2014-04-27 18:20:48,273 [Worker-118] INFO  o.e.m.c.i.l.LifecycleMappingFactory - Using org.eclipse.m2e.jdt.JarLifecycleMapping lifecycle mapping for MavenProject: com.example.android.google.server:GCMTestServer:0.0.1-SNAPSHOT @ /Users/toantran/Documents/Java_development/workspace/MeeterApp_workspace/GCMTestServer/pom.xml.
2014-04-27 18:20:48,591 [Worker-118] INFO  c.n.h.c.p.n.NettyAsyncHttpProvider - Number of application's worked threads is 16
2014-04-27 18:20:49,402 [New I/O client worker #1-1] INFO  o.e.m.c.i.e.AbstractTransferListenerAdapter - Downloading http://repo.maven.apache.org/maven2/jivesoftware/smack/3.1.0/smack-3.1.0.pom
2014-04-27 18:20:49,406 [New I/O client worker #1-1] INFO  o.e.m.c.i.e.AbstractTransferListenerAdapter - Downloaded http://repo.maven.apache.org/maven2/jivesoftware/smack/3.1.0/smack-3.1.0.pom
2014-04-27 18:20:49,460 [Worker-118] INFO  c.n.h.c.p.n.NettyAsyncHttpProvider - Number of application's worked threads is 16
2014-04-27 18:20:49,530 [New I/O client worker #2-1] INFO  o.e.m.c.i.e.AbstractTransferListenerAdapter - Downloading http://repo.maven.apache.org/maven2/jivesoftware/smack/3.1.0/smack-3.1.0.jar
2014-04-27 18:20:49,861 [New I/O client worker #2-1] INFO  o.e.m.c.i.e.AbstractTransferListenerAdapter - Downloaded http://repo.maven.apache.org/maven2/jivesoftware/smack/3.1.0/smack-3.1.0.jar
2014-04-27 18:20:50,220 [Worker-118] WARN  o.e.m.c.i.embedder.EclipseLogger - Using platform encoding (US-ASCII actually) to copy filtered resources, i.e. build is platform dependent!
2014-04-27 18:20:50,221 [Worker-118] INFO  o.e.m.c.i.embedder.EclipseLogger - Copying 0 resource
2014-04-27 18:20:50,222 [Worker-118] WARN  o.e.m.c.i.embedder.EclipseLogger - Using platform encoding (US-ASCII actually) to copy filtered resources, i.e. build is platform dependent!
2014-04-27 18:20:50,222 [Worker-118] INFO  o.e.m.c.i.embedder.EclipseLogger - Copying 0 resource
2014-04-27 18:20:51,441 [Worker-115] WARN  o.e.m.c.i.embedder.EclipseLogger - Using platform encoding (US-ASCII actually) to copy filtered resources, i.e. build is platform dependent!
2014-04-27 18:20:51,441 [Worker-115] INFO  o.e.m.c.i.embedder.EclipseLogger - Copying 0 resource
2014-04-27 18:20:51,472 [Worker-115] WARN  o.e.m.c.i.embedder.EclipseLogger - Using platform encoding (US-ASCII actually) to copy filtered resources, i.e. build is platform dependent!
2014-04-27 18:20:51,473 [Worker-115] INFO  o.e.m.c.i.embedder.EclipseLogger - Copying 0 resource
2014-04-27 18:21:57,599 [Worker-103] INFO  o.e.m.c.i.l.LifecycleMappingFactory - Using org.eclipse.m2e.jdt.JarLifecycleMapping lifecycle mapping for MavenProject: com.example.android.google.server:GCMTestServer:0.0.1-SNAPSHOT @ /Users/toantran/Documents/Java_development/workspace/MeeterApp_workspace/GCMTestServer/pom.xml.
2014-04-27 18:21:57,688 [Worker-103] INFO  c.n.h.c.p.n.NettyAsyncHttpProvider - Number of application's worked threads is 16
2014-04-27 18:21:58,098 [New I/O client worker #3-1] INFO  o.e.m.c.i.e.AbstractTransferListenerAdapter - Downloading http://repo.maven.apache.org/maven2/com/googlecode/json-simple/json-simple/1.1.1/json-simple-1.1.1.pom
2014-04-27 18:21:58,099 [New I/O client worker #3-1] INFO  o.e.m.c.i.e.AbstractTransferListenerAdapter - Downloaded http://repo.maven.apache.org/maven2/com/googlecode/json-simple/json-simple/1.1.1/json-simple-1.1.1.pom
2014-04-27 18:21:58,267 [Worker-103] INFO  c.n.h.c.p.n.NettyAsyncHttpProvider - Number of application's worked threads is 16
2014-04-27 18:21:58,334 [New I/O client worker #4-1] INFO  o.e.m.c.i.e.AbstractTransferListenerAdapter - Downloading http://repo.maven.apache.org/maven2/junit/junit/4.10/junit-4.10.pom
2014-04-27 18:21:58,335 [New I/O client worker #4-1] INFO  o.e.m.c.i.e.AbstractTransferListenerAdapter - Downloaded http://repo.maven.apache.org/maven2/junit/junit/4.10/junit-4.10.pom
2014-04-27 18:21:58,424 [Worker-103] INFO  c.n.h.c.p.n.NettyAsyncHttpProvider - Number of application's worked threads is 16
2014-04-27 18:21:58,482 [New I/O client worker #5-1] INFO  o.e.m.c.i.e.AbstractTransferListenerAdapter - Downloading http://repo.maven.apache.org/maven2/com/googlecode/json-simple/json-simple/1.1.1/json-simple-1.1.1.jar
2014-04-27 18:21:58,504 [New I/O client worker #5-2] INFO  o.e.m.c.i.e.AbstractTransferListenerAdapter - Downloading http://repo.maven.apache.org/maven2/junit/junit/4.10/junit-4.10.jar
2014-04-27 18:21:58,534 [New I/O client worker #5-1] INFO  o.e.m.c.i.e.AbstractTransferListenerAdapter - Downloaded http://repo.maven.apache.org/maven2/com/googlecode/json-simple/json-simple/1.1.1/json-simple-1.1.1.jar
2014-04-27 18:21:58,744 [New I/O client worker #5-2] INFO  o.e.m.c.i.e.AbstractTransferListenerAdapter - Downloaded http://repo.maven.apache.org/maven2/junit/junit/4.10/junit-4.10.jar
2014-04-27 18:21:59,773 [Worker-103] WARN  o.e.m.c.i.embedder.EclipseLogger - Using platform encoding (US-ASCII actually) to copy filtered resources, i.e. build is platform dependent!
2014-04-27 18:21:59,773 [Worker-103] INFO  o.e.m.c.i.embedder.EclipseLogger - Copying 0 resource
2014-04-27 18:21:59,787 [Worker-103] WARN  o.e.m.c.i.embedder.EclipseLogger - Using platform encoding (US-ASCII actually) to copy filtered resources, i.e. build is platform dependent!
2014-04-27 18:21:59,788 [Worker-103] INFO  o.e.m.c.i.embedder.EclipseLogger - Copying 0 resource
2014-04-27 18:22:01,043 [Worker-121] WARN  o.e.m.c.i.embedder.EclipseLogger - Using platform encoding (US-ASCII actually) to copy filtered resources, i.e. build is platform dependent!
2014-04-27 18:22:01,057 [Worker-121] INFO  o.e.m.c.i.embedder.EclipseLogger - Copying 0 resource
2014-04-27 18:22:01,059 [Worker-121] WARN  o.e.m.c.i.embedder.EclipseLogger - Using platform encoding (US-ASCII actually) to copy filtered resources, i.e. build is platform dependent!
2014-04-27 18:22:01,059 [Worker-121] INFO  o.e.m.c.i.embedder.EclipseLogger - Copying 0 resource
2014-04-27 18:25:28,914 [Worker-122] INFO  o.e.m.c.i.l.LifecycleMappingFactory - Using org.eclipse.m2e.jdt.JarLifecycleMapping lifecycle mapping for MavenProject: com.example.android.google.server:GCMTestServer:0.0.1-SNAPSHOT @ /Users/toantran/Documents/Java_development/workspace/MeeterApp_workspace/GCMTestServer/pom.xml.
2014-04-27 18:25:28,979 [Worker-122] INFO  c.n.h.c.p.n.NettyAsyncHttpProvider - Number of application's worked threads is 16
2014-04-27 18:25:29,501 [New I/O client worker #6-1] INFO  o.e.m.c.i.e.AbstractTransferListenerAdapter - Downloading http://repo.maven.apache.org/maven2/org/igniterealtime/smack/smack/3.2.1/smack-3.2.1.pom
2014-04-27 18:25:29,502 [New I/O client worker #6-1] INFO  o.e.m.c.i.e.AbstractTransferListenerAdapter - Downloaded http://repo.maven.apache.org/maven2/org/igniterealtime/smack/smack/3.2.1/smack-3.2.1.pom
2014-04-27 18:25:29,683 [Worker-122] INFO  c.n.h.c.p.n.NettyAsyncHttpProvider - Number of application's worked threads is 16
2014-04-27 18:25:29,760 [New I/O client worker #7-1] INFO  o.e.m.c.i.e.AbstractTransferListenerAdapter - Downloading http://repo.maven.apache.org/maven2/org/igniterealtime/smack/smack/3.2.1/smack-3.2.1.jar
2014-04-27 18:25:30,139 [New I/O client worker #7-1] INFO  o.e.m.c.i.e.AbstractTransferListenerAdapter - Downloaded http://repo.maven.apache.org/maven2/org/igniterealtime/smack/smack/3.2.1/smack-3.2.1.jar
2014-04-27 18:25:30,526 [Worker-122] WARN  o.e.m.c.i.embedder.EclipseLogger - Using platform encoding (US-ASCII actually) to copy filtered resources, i.e. build is platform dependent!
2014-04-27 18:25:30,527 [Worker-122] INFO  o.e.m.c.i.embedder.EclipseLogger - Copying 0 resource
2014-04-27 18:25:30,529 [Worker-122] WARN  o.e.m.c.i.embedder.EclipseLogger - Using platform encoding (US-ASCII actually) to copy filtered resources, i.e. build is platform dependent!
2014-04-27 18:25:30,529 [Worker-122] INFO  o.e.m.c.i.embedder.EclipseLogger - Copying 0 resource
2014-04-27 18:25:31,708 [Worker-122] WARN  o.e.m.c.i.embedder.EclipseLogger - Using platform encoding (US-ASCII actually) to copy filtered resources, i.e. build is platform dependent!
2014-04-27 18:25:31,709 [Worker-122] INFO  o.e.m.c.i.embedder.EclipseLogger - Copying 0 resource
2014-04-27 18:25:31,710 [Worker-122] WARN  o.e.m.c.i.embedder.EclipseLogger - Using platform encoding (US-ASCII actually) to copy filtered resources, i.e. build is platform dependent!
2014-04-27 18:25:31,710 [Worker-122] INFO  o.e.m.c.i.embedder.EclipseLogger - Copying 0 resource
2014-04-27 18:26:35,457 [Worker-109] WARN  o.e.m.c.i.embedder.EclipseLogger - Using platform encoding (US-ASCII actually) to copy filtered resources, i.e. build is platform dependent!
2014-04-27 18:26:35,458 [Worker-109] INFO  o.e.m.c.i.embedder.EclipseLogger - Copying 0 resource
2014-04-27 18:26:35,459 [Worker-109] WARN  o.e.m.c.i.embedder.EclipseLogger - Using platform encoding (US-ASCII actually) to copy filtered resources, i.e. build is platform dependent!
2014-04-27 18:26:35,460 [Worker-109] INFO  o.e.m.c.i.embedder.EclipseLogger - Copying 0 resource
2014-04-27 18:28:02,938 [Worker-122] WARN  o.e.m.c.i.embedder.EclipseLogger - Using platform encoding (US-ASCII actually) to copy filtered resources, i.e. build is platform dependent!
2014-04-27 18:28:02,939 [Worker-122] INFO  o.e.m.c.i.embedder.EclipseLogger - Copying 0 resource
2014-04-27 18:28:02,940 [Worker-122] WARN  o.e.m.c.i.embedder.EclipseLogger - Using platform encoding (US-ASCII actually) to copy filtered resources, i.e. build is platform dependent!
2014-04-27 18:28:02,940 [Worker-122] INFO  o.e.m.c.i.embedder.EclipseLogger - Copying 0 resource
2014-04-27 18:28:49,151 [Worker-121] WARN  o.e.m.c.i.embedder.EclipseLogger - Using platform encoding (US-ASCII actually) to copy filtered resources, i.e. build is platform dependent!
2014-04-27 18:28:49,179 [Worker-121] INFO  o.e.m.c.i.embedder.EclipseLogger - Copying 0 resource
2014-04-27 18:28:49,181 [Worker-121] WARN  o.e.m.c.i.embedder.EclipseLogger - Using platform encoding (US-ASCII actually) to copy filtered resources, i.e. build is platform dependent!
2014-04-27 18:28:49,186 [Worker-121] INFO  o.e.m.c.i.embedder.EclipseLogger - Copying 0 resource
2014-04-27 18:29:55,969 [Worker-123] WARN  o.e.m.c.i.embedder.EclipseLogger - Using platform encoding (US-ASCII actually) to copy filtered resources, i.e. build is platform dependent!
2014-04-27 18:29:56,019 [Worker-123] INFO  o.e.m.c.i.embedder.EclipseLogger - Copying 0 resource
2014-04-27 18:29:56,021 [Worker-123] WARN  o.e.m.c.i.embedder.EclipseLogger - Using platform encoding (US-ASCII actually) to copy filtered resources, i.e. build is platform dependent!
2014-04-27 18:29:56,021 [Worker-123] INFO  o.e.m.c.i.embedder.EclipseLogger - Copying 0 resource
2014-04-27 18:39:20,007 [Worker-135] INFO  o.e.m.c.i.l.LifecycleMappingFactory - Using org.eclipse.m2e.jdt.JarLifecycleMapping lifecycle mapping for MavenProject: com.example.android.google.server:GCMTestServer:0.0.1-SNAPSHOT @ /Users/toantran/Documents/Java_development/workspace/MeeterApp_workspace/GCMTestServer/pom.xml.
2014-04-27 18:39:20,380 [Worker-135] WARN  o.e.m.c.i.embedder.EclipseLogger - Using platform encoding (US-ASCII actually) to copy filtered resources, i.e. build is platform dependent!
2014-04-27 18:39:20,380 [Worker-135] INFO  o.e.m.c.i.embedder.EclipseLogger - Copying 0 resource
2014-04-27 18:39:20,382 [Worker-135] WARN  o.e.m.c.i.embedder.EclipseLogger - Using platform encoding (US-ASCII actually) to copy filtered resources, i.e. build is platform dependent!
2014-04-27 18:39:20,382 [Worker-135] INFO  o.e.m.c.i.embedder.EclipseLogger - Copying 0 resource
2014-04-27 18:39:21,962 [Worker-136] WARN  o.e.m.c.i.embedder.EclipseLogger - Using platform encoding (US-ASCII actually) to copy filtered resources, i.e. build is platform dependent!
2014-04-27 18:39:21,993 [Worker-136] INFO  o.e.m.c.i.embedder.EclipseLogger - Copying 0 resource
2014-04-27 18:39:21,994 [Worker-136] WARN  o.e.m.c.i.embedder.EclipseLogger - Using platform encoding (US-ASCII actually) to copy filtered resources, i.e. build is platform dependent!
2014-04-27 18:39:21,994 [Worker-136] INFO  o.e.m.c.i.embedder.EclipseLogger - Copying 0 resource
2014-04-27 18:39:32,075 [Worker-134] WARN  o.e.m.c.i.embedder.EclipseLogger - Using platform encoding (US-ASCII actually) to copy filtered resources, i.e. build is platform dependent!
2014-04-27 18:39:32,190 [Worker-134] INFO  o.e.m.c.i.embedder.EclipseLogger - Copying 0 resource
2014-04-27 18:39:32,193 [Worker-134] WARN  o.e.m.c.i.embedder.EclipseLogger - Using platform encoding (US-ASCII actually) to copy filtered resources, i.e. build is platform dependent!
2014-04-27 18:39:32,231 [Worker-134] INFO  o.e.m.c.i.embedder.EclipseLogger - Copying 0 resource
2014-04-27 18:39:46,995 [Worker-133] WARN  o.e.m.c.i.embedder.EclipseLogger - Using platform encoding (US-ASCII actually) to copy filtered resources, i.e. build is platform dependent!
2014-04-27 18:39:47,026 [Worker-133] INFO  o.e.m.c.i.embedder.EclipseLogger - Copying 0 resource
2014-04-27 18:39:47,028 [Worker-133] WARN  o.e.m.c.i.embedder.EclipseLogger - Using platform encoding (US-ASCII actually) to copy filtered resources, i.e. build is platform dependent!
2014-04-27 18:39:47,034 [Worker-133] INFO  o.e.m.c.i.embedder.EclipseLogger - Copying 0 resource
2014-04-27 18:40:01,801 [Worker-137] WARN  o.e.m.c.i.embedder.EclipseLogger - Using platform encoding (US-ASCII actually) to copy filtered resources, i.e. build is platform dependent!
2014-04-27 18:40:01,818 [Worker-137] INFO  o.e.m.c.i.embedder.EclipseLogger - Copying 0 resource
2014-04-27 18:40:01,820 [Worker-137] WARN  o.e.m.c.i.embedder.EclipseLogger - Using platform encoding (US-ASCII actually) to copy filtered resources, i.e. build is platform dependent!
2014-04-27 18:40:01,826 [Worker-137] INFO  o.e.m.c.i.embedder.EclipseLogger - Copying 0 resource
2014-04-27 18:41:23,117 [Worker-138] INFO  o.e.m.c.i.l.LifecycleMappingFactory - Using org.eclipse.m2e.jdt.JarLifecycleMapping lifecycle mapping for MavenProject: com.example.android.google.server:GCMTestServer:0.0.1-SNAPSHOT @ /Users/toantran/Documents/Java_development/workspace/MeeterApp_workspace/GCMTestServer/pom.xml.
2014-04-27 18:41:23,171 [Worker-138] INFO  c.n.h.c.p.n.NettyAsyncHttpProvider - Number of application's worked threads is 16
2014-04-27 18:41:24,790 [New I/O client worker #8-1] INFO  o.e.m.c.i.e.AbstractTransferListenerAdapter - Downloading http://repo.maven.apache.org/maven2/com/ganyo/gcm-server/1.0.2/gcm-server-1.0.2.pom
2014-04-27 18:41:24,791 [New I/O client worker #8-1] INFO  o.e.m.c.i.e.AbstractTransferListenerAdapter - Downloaded http://repo.maven.apache.org/maven2/com/ganyo/gcm-server/1.0.2/gcm-server-1.0.2.pom
2014-04-27 18:41:24,909 [Worker-138] INFO  c.n.h.c.p.n.NettyAsyncHttpProvider - Number of application's worked threads is 16
2014-04-27 18:41:25,027 [New I/O client worker #9-1] INFO  o.e.m.c.i.e.AbstractTransferListenerAdapter - Downloading http://repo.maven.apache.org/maven2/com/googlecode/json-simple/json-simple/1.1/json-simple-1.1.pom
2014-04-27 18:41:25,028 [New I/O client worker #9-1] INFO  o.e.m.c.i.e.AbstractTransferListenerAdapter - Downloaded http://repo.maven.apache.org/maven2/com/googlecode/json-simple/json-simple/1.1/json-simple-1.1.pom
2014-04-27 18:41:25,071 [Worker-138] INFO  c.n.h.c.p.n.NettyAsyncHttpProvider - Number of application's worked threads is 16
2014-04-27 18:41:25,150 [New I/O client worker #10-1] INFO  o.e.m.c.i.e.AbstractTransferListenerAdapter - Downloading http://repo.maven.apache.org/maven2/com/ganyo/gcm-server/1.0.2/gcm-server-1.0.2.jar
2014-04-27 18:41:25,161 [New I/O client worker #10-2] INFO  o.e.m.c.i.e.AbstractTransferListenerAdapter - Downloading http://repo.maven.apache.org/maven2/com/googlecode/json-simple/json-simple/1.1/json-simple-1.1.jar
2014-04-27 18:41:25,192 [New I/O client worker #10-1] INFO  o.e.m.c.i.e.AbstractTransferListenerAdapter - Downloaded http://repo.maven.apache.org/maven2/com/ganyo/gcm-server/1.0.2/gcm-server-1.0.2.jar
2014-04-27 18:41:25,204 [New I/O client worker #10-2] INFO  o.e.m.c.i.e.AbstractTransferListenerAdapter - Downloaded http://repo.maven.apache.org/maven2/com/googlecode/json-simple/json-simple/1.1/json-simple-1.1.jar
2014-04-27 18:41:25,754 [Worker-138] WARN  o.e.m.c.i.embedder.EclipseLogger - Using platform encoding (US-ASCII actually) to copy filtered resources, i.e. build is platform dependent!
2014-04-27 18:41:25,755 [Worker-138] INFO  o.e.m.c.i.embedder.EclipseLogger - Copying 0 resource
2014-04-27 18:41:25,756 [Worker-138] WARN  o.e.m.c.i.embedder.EclipseLogger - Using platform encoding (US-ASCII actually) to copy filtered resources, i.e. build is platform dependent!
2014-04-27 18:41:25,756 [Worker-138] INFO  o.e.m.c.i.embedder.EclipseLogger - Copying 0 resource
2014-04-27 18:41:26,925 [Worker-139] WARN  o.e.m.c.i.embedder.EclipseLogger - Using platform encoding (US-ASCII actually) to copy filtered resources, i.e. build is platform dependent!
2014-04-27 18:41:26,926 [Worker-139] INFO  o.e.m.c.i.embedder.EclipseLogger - Copying 0 resource
2014-04-27 18:41:26,927 [Worker-139] WARN  o.e.m.c.i.embedder.EclipseLogger - Using platform encoding (US-ASCII actually) to copy filtered resources, i.e. build is platform dependent!
2014-04-27 18:41:26,927 [Worker-139] INFO  o.e.m.c.i.embedder.EclipseLogger - Copying 0 resource
2014-04-27 18:43:39,655 [Worker-138] INFO  o.e.m.c.i.l.LifecycleMappingFactory - Using org.eclipse.m2e.jdt.JarLifecycleMapping lifecycle mapping for MavenProject: com.example.android.google.server:GCMTestServer:0.0.1-SNAPSHOT @ /Users/toantran/Documents/Java_development/workspace/MeeterApp_workspace/GCMTestServer/pom.xml.
2014-04-27 18:43:39,719 [Worker-138] INFO  c.n.h.c.p.n.NettyAsyncHttpProvider - Number of application's worked threads is 16
2014-04-27 18:43:39,833 [New I/O client worker #11-1] INFO  o.e.m.c.i.e.AbstractTransferListenerAdapter - Downloading http://repo.maven.apache.org/maven2/commons-cli/commons-cli/1.2/commons-cli-1.2.pom
2014-04-27 18:43:39,834 [New I/O client worker #11-1] INFO  o.e.m.c.i.e.AbstractTransferListenerAdapter - Downloaded http://repo.maven.apache.org/maven2/commons-cli/commons-cli/1.2/commons-cli-1.2.pom
2014-04-27 18:43:39,906 [Worker-138] INFO  c.n.h.c.p.n.NettyAsyncHttpProvider - Number of application's worked threads is 16
2014-04-27 18:43:39,973 [New I/O client worker #12-1] INFO  o.e.m.c.i.e.AbstractTransferListenerAdapter - Downloading http://repo.maven.apache.org/maven2/org/apache/commons/commons-parent/11/commons-parent-11.pom
2014-04-27 18:43:40,048 [New I/O client worker #12-1] INFO  o.e.m.c.i.e.AbstractTransferListenerAdapter - Downloaded http://repo.maven.apache.org/maven2/org/apache/commons/commons-parent/11/commons-parent-11.pom
2014-04-27 18:43:40,180 [Worker-138] INFO  c.n.h.c.p.n.NettyAsyncHttpProvider - Number of application's worked threads is 16
2014-04-27 18:43:40,245 [New I/O client worker #13-1] INFO  o.e.m.c.i.e.AbstractTransferListenerAdapter - Downloading http://repo.maven.apache.org/maven2/commons-cli/commons-cli/1.2/commons-cli-1.2.jar
2014-04-27 18:43:40,359 [New I/O client worker #13-1] INFO  o.e.m.c.i.e.AbstractTransferListenerAdapter - Downloaded http://repo.maven.apache.org/maven2/commons-cli/commons-cli/1.2/commons-cli-1.2.jar
2014-04-27 18:43:40,595 [Worker-138] WARN  o.e.m.c.i.embedder.EclipseLogger - Using platform encoding (US-ASCII actually) to copy filtered resources, i.e. build is platform dependent!
2014-04-27 18:43:40,596 [Worker-138] INFO  o.e.m.c.i.embedder.EclipseLogger - Copying 0 resource
2014-04-27 18:43:40,598 [Worker-138] WARN  o.e.m.c.i.embedder.EclipseLogger - Using platform encoding (US-ASCII actually) to copy filtered resources, i.e. build is platform dependent!
2014-04-27 18:43:40,598 [Worker-138] INFO  o.e.m.c.i.embedder.EclipseLogger - Copying 0 resource
2014-04-27 18:43:41,803 [Worker-131] WARN  o.e.m.c.i.embedder.EclipseLogger - Using platform encoding (US-ASCII actually) to copy filtered resources, i.e. build is platform dependent!
2014-04-27 18:43:41,804 [Worker-131] INFO  o.e.m.c.i.embedder.EclipseLogger - Copying 0 resource
2014-04-27 18:43:41,805 [Worker-131] WARN  o.e.m.c.i.embedder.EclipseLogger - Using platform encoding (US-ASCII actually) to copy filtered resources, i.e. build is platform dependent!
2014-04-27 18:43:41,805 [Worker-131] INFO  o.e.m.c.i.embedder.EclipseLogger - Copying 0 resource
2014-04-27 18:44:08,324 [Worker-131] WARN  o.e.m.c.i.embedder.EclipseLogger - Using platform encoding (US-ASCII actually) to copy filtered resources, i.e. build is platform dependent!
2014-04-27 18:44:08,348 [Worker-131] INFO  o.e.m.c.i.embedder.EclipseLogger - Copying 0 resource
2014-04-27 18:44:08,350 [Worker-131] WARN  o.e.m.c.i.embedder.EclipseLogger - Using platform encoding (US-ASCII actually) to copy filtered resources, i.e. build is platform dependent!
2014-04-27 18:44:08,356 [Worker-131] INFO  o.e.m.c.i.embedder.EclipseLogger - Copying 0 resource
2014-04-27 18:44:48,764 [Worker-142] WARN  o.e.m.c.i.embedder.EclipseLogger - Using platform encoding (US-ASCII actually) to copy filtered resources, i.e. build is platform dependent!
2014-04-27 18:44:48,765 [Worker-142] INFO  o.e.m.c.i.embedder.EclipseLogger - Copying 0 resource
2014-04-27 18:44:48,766 [Worker-142] WARN  o.e.m.c.i.embedder.EclipseLogger - Using platform encoding (US-ASCII actually) to copy filtered resources, i.e. build is platform dependent!
2014-04-27 18:44:48,766 [Worker-142] INFO  o.e.m.c.i.embedder.EclipseLogger - Copying 0 resource
2014-04-27 18:48:24,553 [Worker-138] WARN  o.e.m.c.i.embedder.EclipseLogger - Using platform encoding (US-ASCII actually) to copy filtered resources, i.e. build is platform dependent!
2014-04-27 18:48:24,572 [Worker-138] INFO  o.e.m.c.i.embedder.EclipseLogger - Copying 0 resource
2014-04-27 18:48:24,574 [Worker-138] WARN  o.e.m.c.i.embedder.EclipseLogger - Using platform encoding (US-ASCII actually) to copy filtered resources, i.e. build is platform dependent!
2014-04-27 18:48:24,574 [Worker-138] INFO  o.e.m.c.i.embedder.EclipseLogger - Copying 0 resource
2014-04-27 18:49:19,763 [Worker-139] WARN  o.e.m.c.i.embedder.EclipseLogger - Using platform encoding (US-ASCII actually) to copy filtered resources, i.e. build is platform dependent!
2014-04-27 18:49:19,763 [Worker-139] INFO  o.e.m.c.i.embedder.EclipseLogger - Copying 0 resource
2014-04-27 18:49:19,765 [Worker-139] WARN  o.e.m.c.i.embedder.EclipseLogger - Using platform encoding (US-ASCII actually) to copy filtered resources, i.e. build is platform dependent!
2014-04-27 18:49:19,765 [Worker-139] INFO  o.e.m.c.i.embedder.EclipseLogger - Copying 0 resource
2014-04-27 18:49:25,289 [Worker-141] WARN  o.e.m.c.i.embedder.EclipseLogger - Using platform encoding (US-ASCII actually) to copy filtered resources, i.e. build is platform dependent!
2014-04-27 18:49:25,290 [Worker-141] INFO  o.e.m.c.i.embedder.EclipseLogger - Copying 0 resource
2014-04-27 18:49:25,291 [Worker-141] WARN  o.e.m.c.i.embedder.EclipseLogger - Using platform encoding (US-ASCII actually) to copy filtered resources, i.e. build is platform dependent!
2014-04-27 18:49:25,292 [Worker-141] INFO  o.e.m.c.i.embedder.EclipseLogger - Copying 0 resource
2014-04-27 18:50:01,519 [Worker-142] WARN  o.e.m.c.i.embedder.EclipseLogger - Using platform encoding (US-ASCII actually) to copy filtered resources, i.e. build is platform dependent!
2014-04-27 18:50:01,519 [Worker-142] INFO  o.e.m.c.i.embedder.EclipseLogger - Copying 0 resource
2014-04-27 18:50:01,520 [Worker-142] WARN  o.e.m.c.i.embedder.EclipseLogger - Using platform encoding (US-ASCII actually) to copy filtered resources, i.e. build is platform dependent!
2014-04-27 18:50:01,521 [Worker-142] INFO  o.e.m.c.i.embedder.EclipseLogger - Copying 0 resource
2014-04-27 18:50:24,023 [Worker-144] WARN  o.e.m.c.i.embedder.EclipseLogger - Using platform encoding (US-ASCII actually) to copy filtered resources, i.e. build is platform dependent!
2014-04-27 18:50:24,024 [Worker-144] INFO  o.e.m.c.i.embedder.EclipseLogger - Copying 0 resource
2014-04-27 18:50:24,026 [Worker-144] WARN  o.e.m.c.i.embedder.EclipseLogger - Using platform encoding (US-ASCII actually) to copy filtered resources, i.e. build is platform dependent!
2014-04-27 18:50:24,026 [Worker-144] INFO  o.e.m.c.i.embedder.EclipseLogger - Copying 0 resource
2014-04-27 18:50:57,589 [Worker-144] WARN  o.e.m.c.i.embedder.EclipseLogger - Using platform encoding (US-ASCII actually) to copy filtered resources, i.e. build is platform dependent!
2014-04-27 18:50:57,589 [Worker-144] INFO  o.e.m.c.i.embedder.EclipseLogger - Copying 0 resource
2014-04-27 18:50:57,591 [Worker-144] WARN  o.e.m.c.i.embedder.EclipseLogger - Using platform encoding (US-ASCII actually) to copy filtered resources, i.e. build is platform dependent!
2014-04-27 18:50:57,591 [Worker-144] INFO  o.e.m.c.i.embedder.EclipseLogger - Copying 0 resource
2014-04-27 18:51:26,946 [Worker-143] WARN  o.e.m.c.i.embedder.EclipseLogger - Using platform encoding (US-ASCII actually) to copy filtered resources, i.e. build is platform dependent!
2014-04-27 18:51:26,947 [Worker-143] INFO  o.e.m.c.i.embedder.EclipseLogger - Copying 0 resource
2014-04-27 18:51:26,948 [Worker-143] WARN  o.e.m.c.i.embedder.EclipseLogger - Using platform encoding (US-ASCII actually) to copy filtered resources, i.e. build is platform dependent!
2014-04-27 18:51:26,948 [Worker-143] INFO  o.e.m.c.i.embedder.EclipseLogger - Copying 0 resource
2014-04-27 18:51:50,981 [Worker-143] WARN  o.e.m.c.i.embedder.EclipseLogger - Using platform encoding (US-ASCII actually) to copy filtered resources, i.e. build is platform dependent!
2014-04-27 18:51:50,982 [Worker-143] INFO  o.e.m.c.i.embedder.EclipseLogger - Copying 0 resource
2014-04-27 18:51:50,983 [Worker-143] WARN  o.e.m.c.i.embedder.EclipseLogger - Using platform encoding (US-ASCII actually) to copy filtered resources, i.e. build is platform dependent!
2014-04-27 18:51:50,983 [Worker-143] INFO  o.e.m.c.i.embedder.EclipseLogger - Copying 0 resource
2014-04-27 18:52:19,715 [Worker-141] WARN  o.e.m.c.i.embedder.EclipseLogger - Using platform encoding (US-ASCII actually) to copy filtered resources, i.e. build is platform dependent!
2014-04-27 18:52:19,716 [Worker-141] INFO  o.e.m.c.i.embedder.EclipseLogger - Copying 0 resource
2014-04-27 18:52:19,717 [Worker-141] WARN  o.e.m.c.i.embedder.EclipseLogger - Using platform encoding (US-ASCII actually) to copy filtered resources, i.e. build is platform dependent!
2014-04-27 18:52:19,814 [Worker-141] INFO  o.e.m.c.i.embedder.EclipseLogger - Copying 0 resource
2014-04-27 18:52:23,095 [Worker-146] WARN  o.e.m.c.i.embedder.EclipseLogger - Using platform encoding (US-ASCII actually) to copy filtered resources, i.e. build is platform dependent!
2014-04-27 18:52:23,096 [Worker-146] INFO  o.e.m.c.i.embedder.EclipseLogger - Copying 0 resource
2014-04-27 18:52:23,097 [Worker-146] WARN  o.e.m.c.i.embedder.EclipseLogger - Using platform encoding (US-ASCII actually) to copy filtered resources, i.e. build is platform dependent!
2014-04-27 18:52:23,097 [Worker-146] INFO  o.e.m.c.i.embedder.EclipseLogger - Copying 0 resource
2014-04-27 18:52:53,548 [Worker-133] WARN  o.e.m.c.i.embedder.EclipseLogger - Using platform encoding (US-ASCII actually) to copy filtered resources, i.e. build is platform dependent!
2014-04-27 18:52:53,549 [Worker-133] INFO  o.e.m.c.i.embedder.EclipseLogger - Copying 0 resource
2014-04-27 18:52:53,550 [Worker-133] WARN  o.e.m.c.i.embedder.EclipseLogger - Using platform encoding (US-ASCII actually) to copy filtered resources, i.e. build is platform dependent!
2014-04-27 18:52:53,550 [Worker-133] INFO  o.e.m.c.i.embedder.EclipseLogger - Copying 0 resource
2014-04-27 18:54:29,134 [Worker-143] WARN  o.e.m.c.i.embedder.EclipseLogger - Using platform encoding (US-ASCII actually) to copy filtered resources, i.e. build is platform dependent!
2014-04-27 18:54:29,156 [Worker-143] INFO  o.e.m.c.i.embedder.EclipseLogger - Copying 0 resource
2014-04-27 18:54:29,157 [Worker-143] WARN  o.e.m.c.i.embedder.EclipseLogger - Using platform encoding (US-ASCII actually) to copy filtered resources, i.e. build is platform dependent!
2014-04-27 18:54:29,164 [Worker-143] INFO  o.e.m.c.i.embedder.EclipseLogger - Copying 0 resource
2014-04-27 18:54:40,340 [Worker-139] WARN  o.e.m.c.i.embedder.EclipseLogger - Using platform encoding (US-ASCII actually) to copy filtered resources, i.e. build is platform dependent!
2014-04-27 18:54:40,341 [Worker-139] INFO  o.e.m.c.i.embedder.EclipseLogger - Copying 0 resource
2014-04-27 18:54:40,342 [Worker-139] WARN  o.e.m.c.i.embedder.EclipseLogger - Using platform encoding (US-ASCII actually) to copy filtered resources, i.e. build is platform dependent!
2014-04-27 18:54:40,342 [Worker-139] INFO  o.e.m.c.i.embedder.EclipseLogger - Copying 0 resource
2014-04-27 19:05:28,310 [Worker-1] INFO  o.e.m.c.i.l.LifecycleMappingFactory - Using org.eclipse.m2e.jdt.JarLifecycleMapping lifecycle mapping for MavenProject: com.example.android.google.server:GCMTestServer:0.0.1-SNAPSHOT @ /Users/toantran/Documents/Java_development/workspace/MeeterApp_workspace/GCMTestServer/pom.xml.
2014-04-27 19:05:41,571 [Worker-2] INFO  o.e.m.c.i.l.LifecycleMappingFactory - Using org.eclipse.m2e.jdt.JarLifecycleMapping lifecycle mapping for MavenProject: com.example.android.google.server:GCMTestServer:0.0.1-SNAPSHOT @ /Users/toantran/Documents/Java_development/workspace/MeeterApp_workspace/GCMTestServer/pom.xml.
2014-04-27 19:05:41,625 [Worker-1] WARN  o.e.m.c.i.embedder.EclipseLogger - Using platform encoding (US-ASCII actually) to copy filtered resources, i.e. build is platform dependent!
2014-04-27 19:05:41,669 [Worker-1] INFO  o.e.m.c.i.embedder.EclipseLogger - Copying 0 resource
2014-04-27 19:05:41,672 [Worker-1] WARN  o.e.m.c.i.embedder.EclipseLogger - Using platform encoding (US-ASCII actually) to copy filtered resources, i.e. build is platform dependent!
2014-04-27 19:05:41,676 [Worker-1] INFO  o.e.m.c.i.embedder.EclipseLogger - Copying 0 resource
2014-04-27 19:05:41,976 [Worker-4] WARN  o.e.m.c.i.embedder.EclipseLogger - Using platform encoding (US-ASCII actually) to copy filtered resources, i.e. build is platform dependent!
2014-04-27 19:05:41,990 [Worker-4] INFO  o.e.m.c.i.embedder.EclipseLogger - Copying 0 resource
2014-04-27 19:05:41,993 [Worker-4] WARN  o.e.m.c.i.embedder.EclipseLogger - Using platform encoding (US-ASCII actually) to copy filtered resources, i.e. build is platform dependent!
2014-04-27 19:05:41,993 [Worker-4] INFO  o.e.m.c.i.embedder.EclipseLogger - Copying 0 resource
2014-04-27 23:11:52,055 [Worker-140] WARN  o.e.m.c.i.embedder.EclipseLogger - Using platform encoding (US-ASCII actually) to copy filtered resources, i.e. build is platform dependent!
2014-04-27 23:11:52,253 [Worker-140] INFO  o.e.m.c.i.embedder.EclipseLogger - Copying 0 resource
2014-04-27 23:11:52,255 [Worker-140] WARN  o.e.m.c.i.embedder.EclipseLogger - Using platform encoding (US-ASCII actually) to copy filtered resources, i.e. build is platform dependent!
2014-04-27 23:11:52,255 [Worker-140] INFO  o.e.m.c.i.embedder.EclipseLogger - Copying 0 resource
2014-04-29 18:16:29,766 [Worker-1] WARN  o.e.m.c.i.embedder.EclipseLogger - Using platform encoding (US-ASCII actually) to copy filtered resources, i.e. build is platform dependent!
2014-04-29 18:16:29,785 [Worker-1] INFO  o.e.m.c.i.embedder.EclipseLogger - Copying 0 resource
2014-04-29 18:16:29,790 [Worker-1] WARN  o.e.m.c.i.embedder.EclipseLogger - Using platform encoding (US-ASCII actually) to copy filtered resources, i.e. build is platform dependent!
2014-04-29 18:16:29,791 [Worker-1] INFO  o.e.m.c.i.embedder.EclipseLogger - Copying 0 resource
2014-05-04 23:21:23,579 [Worker-14] WARN  o.e.m.c.i.embedder.EclipseLogger - Using platform encoding (US-ASCII actually) to copy filtered resources, i.e. build is platform dependent!
2014-05-04 23:21:23,626 [Worker-14] INFO  o.e.m.c.i.embedder.EclipseLogger - Copying 0 resource
2014-05-04 23:21:23,629 [Worker-14] WARN  o.e.m.c.i.embedder.EclipseLogger - Using platform encoding (US-ASCII actually) to copy filtered resources, i.e. build is platform dependent!
2014-05-04 23:21:23,629 [Worker-14] INFO  o.e.m.c.i.embedder.EclipseLogger - Copying 0 resource
2014-05-06 00:29:48,975 [Worker-486] INFO  o.e.m.c.i.l.LifecycleMappingFactory - Using org.eclipse.m2e.jdt.JarLifecycleMapping lifecycle mapping for MavenProject: com.example.android.google.server:GCMTestServer:0.0.1-SNAPSHOT @ /Users/toantran/Documents/Java_development/workspace/MeeterApp_workspace/GCMTestServer/pom.xml.
2014-05-06 00:29:48,997 [Worker-492] INFO  o.e.m.c.i.l.LifecycleMappingFactory - Using org.eclipse.m2e.jdt.JarLifecycleMapping lifecycle mapping for MavenProject: com.example.android.google.server:GCMTestServer:0.0.1-SNAPSHOT @ /Users/toantran/Documents/Java_development/workspace/MeeterApp_workspace/GCMTestServer/pom.xml.
2014-05-06 00:29:49,845 [Worker-492] WARN  o.e.m.c.i.embedder.EclipseLogger - Using platform encoding (US-ASCII actually) to copy filtered resources, i.e. build is platform dependent!
2014-05-06 00:29:49,846 [Worker-492] INFO  o.e.m.c.i.embedder.EclipseLogger - Copying 0 resource
2014-05-06 00:29:49,847 [Worker-492] WARN  o.e.m.c.i.embedder.EclipseLogger - Using platform encoding (US-ASCII actually) to copy filtered resources, i.e. build is platform dependent!
2014-05-06 00:29:49,847 [Worker-492] INFO  o.e.m.c.i.embedder.EclipseLogger - Copying 0 resource
2014-05-06 00:29:51,055 [Worker-491] INFO  o.e.m.c.i.l.LifecycleMappingFactory - Using org.eclipse.m2e.jdt.JarLifecycleMapping lifecycle mapping for MavenProject: com.example.android.google.server:GCMTestServer:0.0.1-SNAPSHOT @ /Users/toantran/Documents/Java_development/workspace/MeeterApp_workspace/GCMTestServer/pom.xml.
2014-05-06 00:30:45,905 [Worker-492] WARN  o.e.m.c.i.embedder.EclipseLogger - Using platform encoding (US-ASCII actually) to copy filtered resources, i.e. build is platform dependent!
2014-05-06 00:30:45,906 [Worker-492] INFO  o.e.m.c.i.embedder.EclipseLogger - Copying 0 resource
2014-05-06 00:30:45,908 [Worker-492] WARN  o.e.m.c.i.embedder.EclipseLogger - Using platform encoding (US-ASCII actually) to copy filtered resources, i.e. build is platform dependent!
2014-05-06 00:30:45,944 [Worker-492] INFO  o.e.m.c.i.embedder.EclipseLogger - Copying 0 resource
2014-05-06 00:31:01,909 [Worker-493] ERROR o.e.m.j.i.l.MavenLaunchConfigurationListener - Launch configuration GCMServerTester references non-existing project GCMTestServer.
org.eclipse.core.runtime.CoreException: Launch configuration GCMServerTester references non-existing project GCMTestServer.
	at org.eclipse.jdt.launching.JavaRuntime.abort(JavaRuntime.java:1403) ~[org.eclipse.jdt.launching_3.7.1.v20131218-1102.jar:na]
	at org.eclipse.jdt.launching.JavaRuntime.getJavaProject(JavaRuntime.java:1278) ~[org.eclipse.jdt.launching_3.7.1.v20131218-1102.jar:na]
	at org.eclipse.m2e.jdt.internal.launch.MavenLaunchConfigurationListener.updateLaunchConfiguration(MavenLaunchConfigurationListener.java:53) [org.eclipse.m2e.jdt_1.4.0.20130601-0317.jar:na]
	at org.eclipse.m2e.jdt.internal.launch.MavenLaunchConfigurationListener.launchConfigurationChanged(MavenLaunchConfigurationListener.java:38) [org.eclipse.m2e.jdt_1.4.0.20130601-0317.jar:na]
	at org.eclipse.debug.internal.core.LaunchManager$ConfigurationNotifier.run(LaunchManager.java:228) ~[org.eclipse.debug.core_3.8.0.v20130514-0954.jar:na]
	at org.eclipse.core.runtime.SafeRunner.run(SafeRunner.java:42) ~[org.eclipse.equinox.common_3.6.200.v20130402-1505.jar:na]
	at org.eclipse.debug.internal.core.LaunchManager$ConfigurationNotifier.notify(LaunchManager.java:209) ~[org.eclipse.debug.core_3.8.0.v20130514-0954.jar:na]
	at org.eclipse.debug.internal.core.LaunchConfigurationWorkingCopy.setDirty(LaunchConfigurationWorkingCopy.java:538) ~[org.eclipse.debug.core_3.8.0.v20130514-0954.jar:na]
	at org.eclipse.debug.internal.core.LaunchConfigurationWorkingCopy.setAttribute(LaunchConfigurationWorkingCopy.java:419) ~[org.eclipse.debug.core_3.8.0.v20130514-0954.jar:na]
	at org.eclipse.m2e.jdt.internal.launch.MavenRuntimeClasspathProvider.disable(MavenRuntimeClasspathProvider.java:297) ~[org.eclipse.m2e.jdt_1.4.0.20130601-0317.jar:na]
	at org.eclipse.m2e.jdt.internal.launch.MavenRuntimeClasspathProvider.disable(MavenRuntimeClasspathProvider.java:323) ~[org.eclipse.m2e.jdt_1.4.0.20130601-0317.jar:na]
	at org.eclipse.m2e.jdt.internal.launch.MavenLaunchConfigurationListener.mavenProjectChanged(MavenLaunchConfigurationListener.java:70) [org.eclipse.m2e.jdt_1.4.0.20130601-0317.jar:na]
	at org.eclipse.m2e.core.internal.project.registry.ProjectRegistryManager.notifyProjectChangeListeners(ProjectRegistryManager.java:746) ~[org.eclipse.m2e.core_1.4.0.20130601-0317.jar:na]
	at org.eclipse.m2e.core.internal.project.registry.ProjectRegistryManager.applyMutableProjectRegistry(ProjectRegistryManager.java:865) ~[org.eclipse.m2e.core_1.4.0.20130601-0317.jar:na]
	at org.eclipse.m2e.core.internal.project.registry.ProjectRegistryRefreshJob.run(ProjectRegistryRefreshJob.java:101) ~[org.eclipse.m2e.core_1.4.0.20130601-0317.jar:na]
	at org.eclipse.core.internal.jobs.Worker.run(Worker.java:53) ~[org.eclipse.core.jobs_3.5.300.v20130429-1813.jar:na]
2014-05-06 00:31:01,910 [Worker-493] ERROR o.e.m.j.i.l.MavenLaunchConfigurationListener - Launch configuration GCMServerTester references non-existing project GCMTestServer.
org.eclipse.core.runtime.CoreException: Launch configuration GCMServerTester references non-existing project GCMTestServer.
	at org.eclipse.jdt.launching.JavaRuntime.abort(JavaRuntime.java:1403) ~[org.eclipse.jdt.launching_3.7.1.v20131218-1102.jar:na]
	at org.eclipse.jdt.launching.JavaRuntime.getJavaProject(JavaRuntime.java:1278) ~[org.eclipse.jdt.launching_3.7.1.v20131218-1102.jar:na]
	at org.eclipse.m2e.jdt.internal.launch.MavenLaunchConfigurationListener.updateLaunchConfiguration(MavenLaunchConfigurationListener.java:53) [org.eclipse.m2e.jdt_1.4.0.20130601-0317.jar:na]
	at org.eclipse.m2e.jdt.internal.launch.MavenLaunchConfigurationListener.launchConfigurationChanged(MavenLaunchConfigurationListener.java:38) [org.eclipse.m2e.jdt_1.4.0.20130601-0317.jar:na]
	at org.eclipse.debug.internal.core.LaunchManager$ConfigurationNotifier.run(LaunchManager.java:228) ~[org.eclipse.debug.core_3.8.0.v20130514-0954.jar:na]
	at org.eclipse.core.runtime.SafeRunner.run(SafeRunner.java:42) ~[org.eclipse.equinox.common_3.6.200.v20130402-1505.jar:na]
	at org.eclipse.debug.internal.core.LaunchManager$ConfigurationNotifier.notify(LaunchManager.java:209) ~[org.eclipse.debug.core_3.8.0.v20130514-0954.jar:na]
	at org.eclipse.debug.internal.core.LaunchConfigurationWorkingCopy.setDirty(LaunchConfigurationWorkingCopy.java:538) ~[org.eclipse.debug.core_3.8.0.v20130514-0954.jar:na]
	at org.eclipse.debug.internal.core.LaunchConfigurationWorkingCopy.setAttribute(LaunchConfigurationWorkingCopy.java:419) ~[org.eclipse.debug.core_3.8.0.v20130514-0954.jar:na]
	at org.eclipse.m2e.jdt.internal.launch.MavenRuntimeClasspathProvider.disable(MavenRuntimeClasspathProvider.java:298) ~[org.eclipse.m2e.jdt_1.4.0.20130601-0317.jar:na]
	at org.eclipse.m2e.jdt.internal.launch.MavenRuntimeClasspathProvider.disable(MavenRuntimeClasspathProvider.java:323) ~[org.eclipse.m2e.jdt_1.4.0.20130601-0317.jar:na]
	at org.eclipse.m2e.jdt.internal.launch.MavenLaunchConfigurationListener.mavenProjectChanged(MavenLaunchConfigurationListener.java:70) [org.eclipse.m2e.jdt_1.4.0.20130601-0317.jar:na]
	at org.eclipse.m2e.core.internal.project.registry.ProjectRegistryManager.notifyProjectChangeListeners(ProjectRegistryManager.java:746) ~[org.eclipse.m2e.core_1.4.0.20130601-0317.jar:na]
	at org.eclipse.m2e.core.internal.project.registry.ProjectRegistryManager.applyMutableProjectRegistry(ProjectRegistryManager.java:865) ~[org.eclipse.m2e.core_1.4.0.20130601-0317.jar:na]
	at org.eclipse.m2e.core.internal.project.registry.ProjectRegistryRefreshJob.run(ProjectRegistryRefreshJob.java:101) ~[org.eclipse.m2e.core_1.4.0.20130601-0317.jar:na]
	at org.eclipse.core.internal.jobs.Worker.run(Worker.java:53) ~[org.eclipse.core.jobs_3.5.300.v20130429-1813.jar:na]
2014-05-06 00:31:01,923 [Worker-493] ERROR o.e.m.j.i.l.MavenLaunchConfigurationListener - Launch configuration GCMServerTester references non-existing project GCMTestServer.
org.eclipse.core.runtime.CoreException: Launch configuration GCMServerTester references non-existing project GCMTestServer.
	at org.eclipse.jdt.launching.JavaRuntime.abort(JavaRuntime.java:1403) ~[org.eclipse.jdt.launching_3.7.1.v20131218-1102.jar:na]
	at org.eclipse.jdt.launching.JavaRuntime.getJavaProject(JavaRuntime.java:1278) ~[org.eclipse.jdt.launching_3.7.1.v20131218-1102.jar:na]
	at org.eclipse.m2e.jdt.internal.launch.MavenLaunchConfigurationListener.updateLaunchConfiguration(MavenLaunchConfigurationListener.java:53) [org.eclipse.m2e.jdt_1.4.0.20130601-0317.jar:na]
	at org.eclipse.m2e.jdt.internal.launch.MavenLaunchConfigurationListener.launchConfigurationChanged(MavenLaunchConfigurationListener.java:38) [org.eclipse.m2e.jdt_1.4.0.20130601-0317.jar:na]
	at org.eclipse.debug.internal.core.LaunchManager$ConfigurationNotifier.run(LaunchManager.java:228) ~[org.eclipse.debug.core_3.8.0.v20130514-0954.jar:na]
	at org.eclipse.core.runtime.SafeRunner.run(SafeRunner.java:42) ~[org.eclipse.equinox.common_3.6.200.v20130402-1505.jar:na]
	at org.eclipse.debug.internal.core.LaunchManager$ConfigurationNotifier.notify(LaunchManager.java:209) ~[org.eclipse.debug.core_3.8.0.v20130514-0954.jar:na]
	at org.eclipse.debug.internal.core.LaunchManager.launchConfigurationChanged(LaunchManager.java:2141) ~[org.eclipse.debug.core_3.8.0.v20130514-0954.jar:na]
	at org.eclipse.debug.internal.core.LaunchConfigurationWorkingCopy.writeNewFile(LaunchConfigurationWorkingCopy.java:380) ~[org.eclipse.debug.core_3.8.0.v20130514-0954.jar:na]
	at org.eclipse.debug.internal.core.LaunchConfigurationWorkingCopy.doSave0(LaunchConfigurationWorkingCopy.java:246) ~[org.eclipse.debug.core_3.8.0.v20130514-0954.jar:na]
	at org.eclipse.debug.internal.core.LaunchConfigurationWorkingCopy.doSave(LaunchConfigurationWorkingCopy.java:216) ~[org.eclipse.debug.core_3.8.0.v20130514-0954.jar:na]
	at org.eclipse.debug.internal.core.LaunchConfigurationWorkingCopy.doSave(LaunchConfigurationWorkingCopy.java:170) ~[org.eclipse.debug.core_3.8.0.v20130514-0954.jar:na]
	at org.eclipse.m2e.jdt.internal.launch.MavenRuntimeClasspathProvider.disable(MavenRuntimeClasspathProvider.java:299) ~[org.eclipse.m2e.jdt_1.4.0.20130601-0317.jar:na]
	at org.eclipse.m2e.jdt.internal.launch.MavenRuntimeClasspathProvider.disable(MavenRuntimeClasspathProvider.java:323) ~[org.eclipse.m2e.jdt_1.4.0.20130601-0317.jar:na]
	at org.eclipse.m2e.jdt.internal.launch.MavenLaunchConfigurationListener.mavenProjectChanged(MavenLaunchConfigurationListener.java:70) [org.eclipse.m2e.jdt_1.4.0.20130601-0317.jar:na]
	at org.eclipse.m2e.core.internal.project.registry.ProjectRegistryManager.notifyProjectChangeListeners(ProjectRegistryManager.java:746) ~[org.eclipse.m2e.core_1.4.0.20130601-0317.jar:na]
	at org.eclipse.m2e.core.internal.project.registry.ProjectRegistryManager.applyMutableProjectRegistry(ProjectRegistryManager.java:865) ~[org.eclipse.m2e.core_1.4.0.20130601-0317.jar:na]
	at org.eclipse.m2e.core.internal.project.registry.ProjectRegistryRefreshJob.run(ProjectRegistryRefreshJob.java:101) ~[org.eclipse.m2e.core_1.4.0.20130601-0317.jar:na]
	at org.eclipse.core.internal.jobs.Worker.run(Worker.java:53) ~[org.eclipse.core.jobs_3.5.300.v20130429-1813.jar:na]
2014-05-06 00:31:26,043 [ModalContext] WARN  o.e.m.i.discovery.MavenDiscovery - CatalogItem org.eclipse.m2e.discovery.lifecyclemapping.m2e-egit does not contain lifecycle mapping metadata
2014-05-06 00:31:26,057 [ModalContext] WARN  o.e.m.i.discovery.MavenDiscovery - CatalogItem org.eclipse.m2e.discovery.lifecyclemapping.m2e-subversive does not contain lifecycle mapping metadata
2014-05-06 00:31:26,065 [ModalContext] WARN  o.e.m.i.discovery.MavenDiscovery - CatalogItem org.eclipse.m2e.discovery.lifecyclemapping.m2e-subclipse does not contain lifecycle mapping metadata
2014-05-06 00:31:27,811 [Worker-479] INFO  o.e.m.c.i.l.LifecycleMappingFactory - Using org.eclipse.m2e.jdt.JarLifecycleMapping lifecycle mapping for MavenProject: com.example.android.google.server:GCMTestServer:0.0.1-SNAPSHOT @ /Users/toantran/Documents/Java_development/workspace/MeeterApp_workspace/GCMTestServer/pom.xml.
2014-05-06 00:31:28,104 [Worker-479] INFO  o.e.m.j.i.AbstractJavaProjectConfigurator - Adding source folder /GCMTestServer/src/main/java
2014-05-06 00:31:28,105 [Worker-479] INFO  o.e.m.j.i.AbstractJavaProjectConfigurator - Adding resource folder /GCMTestServer/src/main/resources
2014-05-06 00:31:28,105 [Worker-479] INFO  o.e.m.j.i.AbstractJavaProjectConfigurator - Adding source folder /GCMTestServer/src/test/java
2014-05-06 00:31:28,105 [Worker-479] INFO  o.e.m.j.i.AbstractJavaProjectConfigurator - Adding resource folder /GCMTestServer/src/test/resources
2014-05-06 00:31:28,436 [Worker-479] INFO  o.e.m.c.i.p.ProjectConfigurationManager - Project import completed 1 sec
2014-05-06 00:31:28,697 [Worker-490] INFO  o.e.m.c.i.p.ProjectConfigurationManager - Update started
2014-05-06 00:31:28,697 [Worker-490] INFO  o.e.m.c.i.p.ProjectConfigurationManager - Update completed: 0 sec
2014-05-06 00:31:29,820 [Worker-495] INFO  o.e.m.c.i.l.LifecycleMappingFactory - Using org.eclipse.m2e.jdt.JarLifecycleMapping lifecycle mapping for MavenProject: com.example.android.google.server:GCMTestServer:0.0.1-SNAPSHOT @ /Users/toantran/Documents/Java_development/workspace/MeeterApp_workspace/GCMTestServer/pom.xml.
2014-05-06 00:31:29,996 [Worker-494] INFO  o.e.m.c.i.l.LifecycleMappingFactory - Using org.eclipse.m2e.jdt.JarLifecycleMapping lifecycle mapping for MavenProject: com.example.android.google.server:GCMTestServer:0.0.1-SNAPSHOT @ /Users/toantran/Documents/Java_development/workspace/MeeterApp_workspace/GCMTestServer/pom.xml.
2014-05-06 00:31:33,851 [Worker-494] WARN  o.e.m.c.i.embedder.EclipseLogger - Using platform encoding (US-ASCII actually) to copy filtered resources, i.e. build is platform dependent!
2014-05-06 00:31:33,870 [Worker-494] INFO  o.e.m.c.i.embedder.EclipseLogger - Copying 0 resource
2014-05-06 00:31:33,872 [Worker-494] WARN  o.e.m.c.i.embedder.EclipseLogger - Using platform encoding (US-ASCII actually) to copy filtered resources, i.e. build is platform dependent!
2014-05-06 00:31:34,444 [Worker-494] INFO  o.e.m.c.i.embedder.EclipseLogger - Copying 0 resource
2014-05-06 00:31:35,630 [Worker-486] INFO  o.e.m.c.i.l.LifecycleMappingFactory - Using org.eclipse.m2e.jdt.JarLifecycleMapping lifecycle mapping for MavenProject: com.example.android.google.server:GCMTestServer:0.0.1-SNAPSHOT @ /Users/toantran/Documents/Java_development/workspace/MeeterApp_workspace/GCMTestServer/pom.xml.
2014-05-06 00:31:36,510 [Worker-495] WARN  o.e.m.c.i.embedder.EclipseLogger - Using platform encoding (US-ASCII actually) to copy filtered resources, i.e. build is platform dependent!
2014-05-06 00:31:36,537 [Worker-495] INFO  o.e.m.c.i.embedder.EclipseLogger - Copying 0 resource
2014-05-06 00:31:36,539 [Worker-495] WARN  o.e.m.c.i.embedder.EclipseLogger - Using platform encoding (US-ASCII actually) to copy filtered resources, i.e. build is platform dependent!
2014-05-06 00:31:36,578 [Worker-495] INFO  o.e.m.c.i.embedder.EclipseLogger - Copying 0 resource
